<?xml version="1.0" encoding="UTF-8"?>
<!-- Generated by org.testng.reporters.JUnitReportReporter -->
<testsuite skipped="0" hostname="GEETHA-PC" name="testcases.CreateLead" tests="1" failures="0" timestamp="26 Jun 2018 14:05:44 GMT" time="31.464" errors="0">
  <testcase name="createLead" time="31.464" classname="testcases.CreateLead"/>
</testsuite> <!-- testcases.CreateLead -->
